<?xml version="1.0" encoding="UTF-8"?>
<testsuite name="testemptyproject.list.LinkedListTest" tests="4" skipped="0" failures="0" errors="0" timestamp="2023-07-01T07:29:41" hostname="Dismas" time="0.3">
  <properties/>
  <testcase name="testAdd()" classname="testemptyproject.list.LinkedListTest" time="0.272"/>
  <testcase name="testRemoveMissing()" classname="testemptyproject.list.LinkedListTest" time="0.01"/>
  <testcase name="testRemove()" classname="testemptyproject.list.LinkedListTest" time="0.012"/>
  <testcase name="testConstructor()" classname="testemptyproject.list.LinkedListTest" time="0.001"/>
  <system-out><![CDATA[]]></system-out>
  <system-err><![CDATA[]]></system-err>
</testsuite>
